<?xml version="1.0" encoding="UTF-8"?>
<!-- Generated by org.testng.reporters.JUnitXMLReporter -->
<testsuite hostname="MP-PC" name="test1" tests="4" failures="0" timestamp="31 Mar 2019 08:26:05 GMT" time="39.136" errors="0">
  <testcase name="T11" time="3.367" classname="Tests.Test1TCs"/>
  <testcase name="T12" time="1.303" classname="Tests.Test1TCs"/>
  <testcase name="T21" time="29.39" classname="Tests.Test2TCs"/>
  <testcase name="T22" time="8.638" classname="Tests.Test2TCs"/>
</testsuite> <!-- test1 -->
