<?xml version="1.0" encoding="UTF-8"?>
<testng-results skipped="0" failed="0" total="4" passed="4">
  <reporter-output>
  </reporter-output>
  <suite name="Suite1" duration-ms="39136" started-at="2019-03-31T08:25:26Z" finished-at="2019-03-31T08:26:05Z">
    <groups>
    </groups>
    <test name="test1" duration-ms="39136" started-at="2019-03-31T08:25:26Z" finished-at="2019-03-31T08:26:05Z">
      <class name="Tests.Test1TCs">
        <test-method status="PASS" signature="T11()[pri:0, instance:Tests.Test1TCs@12eedfee]" name="T11" duration-ms="3367" started-at="2019-03-31T13:55:26Z" description="T11" finished-at="2019-03-31T13:55:29Z">
          <reporter-output>
          </reporter-output>
        </test-method> <!-- T11 -->
        <test-method status="PASS" signature="T12()[pri:0, instance:Tests.Test1TCs@12eedfee]" name="T12" duration-ms="1303" started-at="2019-03-31T13:55:30Z" description="T12" finished-at="2019-03-31T13:55:32Z">
          <reporter-output>
          </reporter-output>
        </test-method> <!-- T12 -->
        <test-method status="PASS" signature="afterClass()[pri:0, instance:Tests.Test1TCs@12eedfee]" name="afterClass" is-config="true" duration-ms="771" started-at="2019-03-31T13:55:32Z" finished-at="2019-03-31T13:55:32Z">
          <reporter-output>
          </reporter-output>
        </test-method> <!-- afterClass -->
      </class> <!-- Tests.Test1TCs -->
      <class name="Tests.Test2TCs">
        <test-method status="PASS" signature="T21()[pri:0, instance:Tests.Test2TCs@788ddc1f]" name="T21" duration-ms="29390" started-at="2019-03-31T13:55:26Z" description="T21" finished-at="2019-03-31T13:55:55Z">
          <reporter-output>
          </reporter-output>
        </test-method> <!-- T21 -->
        <test-method status="PASS" signature="T22()[pri:0, instance:Tests.Test2TCs@788ddc1f]" name="T22" duration-ms="8638" started-at="2019-03-31T13:55:55Z" description="T22" finished-at="2019-03-31T13:56:04Z">
          <reporter-output>
          </reporter-output>
        </test-method> <!-- T22 -->
        <test-method status="PASS" signature="afterClass()[pri:0, instance:Tests.Test2TCs@788ddc1f]" name="afterClass" is-config="true" duration-ms="779" started-at="2019-03-31T13:56:04Z" finished-at="2019-03-31T13:56:05Z">
          <reporter-output>
          </reporter-output>
        </test-method> <!-- afterClass -->
      </class> <!-- Tests.Test2TCs -->
    </test> <!-- test1 -->
  </suite> <!-- Suite1 -->
</testng-results>
